[2025-05-04T15:04:57.256+0000] {manager.py:469} INFO - Processing files using up to 2 processes at a time 
[2025-05-04T15:04:57.257+0000] {manager.py:470} INFO - Process each file at most once every 30 seconds
[2025-05-04T15:04:57.258+0000] {manager.py:471} INFO - Checking for new files in /opt/airflow/dags every 300 seconds
[2025-05-04T15:04:57.259+0000] {manager.py:738} INFO - Searching for files in /opt/airflow/dags
[2025-05-04T15:04:57.263+0000] {manager.py:741} INFO - There are 0 files in /opt/airflow/dags
[2025-05-05T06:56:35.076+0000] {manager.py:469} INFO - Processing files using up to 2 processes at a time 
[2025-05-05T06:56:35.088+0000] {manager.py:470} INFO - Process each file at most once every 30 seconds
[2025-05-05T06:56:35.089+0000] {manager.py:471} INFO - Checking for new files in /opt/airflow/dags every 300 seconds
[2025-05-05T06:56:35.090+0000] {manager.py:738} INFO - Searching for files in /opt/airflow/dags
[2025-05-05T06:56:35.093+0000] {manager.py:741} INFO - There are 0 files in /opt/airflow/dags
[2025-05-05T07:01:35.545+0000] {manager.py:738} INFO - Searching for files in /opt/airflow/dags
[2025-05-05T07:01:35.552+0000] {manager.py:741} INFO - There are 0 files in /opt/airflow/dags
[2025-05-05T07:06:36.262+0000] {manager.py:738} INFO - Searching for files in /opt/airflow/dags
[2025-05-05T07:06:36.265+0000] {manager.py:741} INFO - There are 0 files in /opt/airflow/dags
[2025-05-05T07:11:36.804+0000] {manager.py:738} INFO - Searching for files in /opt/airflow/dags
[2025-05-05T07:11:36.810+0000] {manager.py:741} INFO - There are 0 files in /opt/airflow/dags
[2025-05-05T07:16:25.804+0000] {manager.py:451} INFO - Exiting gracefully upon receiving signal 15
[2025-05-05T09:32:40.436+0000] {manager.py:469} INFO - Processing files using up to 2 processes at a time 
[2025-05-05T09:32:40.449+0000] {manager.py:470} INFO - Process each file at most once every 30 seconds
[2025-05-05T09:32:40.449+0000] {manager.py:471} INFO - Checking for new files in /opt/airflow/dags every 300 seconds
[2025-05-05T09:32:40.450+0000] {manager.py:738} INFO - Searching for files in /opt/airflow/dags
[2025-05-05T09:32:40.454+0000] {manager.py:741} INFO - There are 0 files in /opt/airflow/dags
[2025-05-05T09:37:41.332+0000] {manager.py:738} INFO - Searching for files in /opt/airflow/dags
[2025-05-05T09:37:41.341+0000] {manager.py:741} INFO - There are 0 files in /opt/airflow/dags
[2025-05-05T09:42:42.250+0000] {manager.py:738} INFO - Searching for files in /opt/airflow/dags
[2025-05-05T09:42:42.253+0000] {manager.py:741} INFO - There are 0 files in /opt/airflow/dags
[2025-05-05T09:47:42.280+0000] {manager.py:738} INFO - Searching for files in /opt/airflow/dags
[2025-05-05T09:47:42.288+0000] {manager.py:741} INFO - There are 0 files in /opt/airflow/dags
[2025-05-05T09:52:42.394+0000] {manager.py:738} INFO - Searching for files in /opt/airflow/dags
[2025-05-05T09:52:42.400+0000] {manager.py:741} INFO - There are 0 files in /opt/airflow/dags
[2025-05-05T09:57:42.410+0000] {manager.py:738} INFO - Searching for files in /opt/airflow/dags
[2025-05-05T09:57:42.418+0000] {manager.py:741} INFO - There are 0 files in /opt/airflow/dags
[2025-05-05T10:02:42.554+0000] {manager.py:738} INFO - Searching for files in /opt/airflow/dags
[2025-05-05T10:02:42.572+0000] {manager.py:741} INFO - There are 0 files in /opt/airflow/dags
[2025-05-05T10:07:42.777+0000] {manager.py:738} INFO - Searching for files in /opt/airflow/dags
[2025-05-05T10:07:42.789+0000] {manager.py:741} INFO - There are 0 files in /opt/airflow/dags
[2025-05-05T10:12:42.923+0000] {manager.py:738} INFO - Searching for files in /opt/airflow/dags
[2025-05-05T10:12:42.930+0000] {manager.py:741} INFO - There are 0 files in /opt/airflow/dags
[2025-05-05T10:17:43.135+0000] {manager.py:738} INFO - Searching for files in /opt/airflow/dags
[2025-05-05T10:17:43.138+0000] {manager.py:741} INFO - There are 0 files in /opt/airflow/dags
[2025-05-05T10:22:43.368+0000] {manager.py:738} INFO - Searching for files in /opt/airflow/dags
[2025-05-05T10:22:43.372+0000] {manager.py:741} INFO - There are 0 files in /opt/airflow/dags
[2025-05-05T10:27:43.583+0000] {manager.py:738} INFO - Searching for files in /opt/airflow/dags
[2025-05-05T10:27:43.600+0000] {manager.py:741} INFO - There are 0 files in /opt/airflow/dags
[2025-05-05T10:32:43.789+0000] {manager.py:738} INFO - Searching for files in /opt/airflow/dags
[2025-05-05T10:32:43.795+0000] {manager.py:741} INFO - There are 0 files in /opt/airflow/dags
[2025-05-05T10:37:44.028+0000] {manager.py:738} INFO - Searching for files in /opt/airflow/dags
[2025-05-05T10:37:44.037+0000] {manager.py:741} INFO - There are 0 files in /opt/airflow/dags
[2025-05-05T10:42:44.321+0000] {manager.py:738} INFO - Searching for files in /opt/airflow/dags
[2025-05-05T10:42:44.327+0000] {manager.py:741} INFO - There are 0 files in /opt/airflow/dags
[2025-05-05T10:47:44.465+0000] {manager.py:738} INFO - Searching for files in /opt/airflow/dags
[2025-05-05T10:47:44.470+0000] {manager.py:741} INFO - There are 0 files in /opt/airflow/dags
[2025-05-05T10:52:44.546+0000] {manager.py:738} INFO - Searching for files in /opt/airflow/dags
[2025-05-05T10:52:44.550+0000] {manager.py:741} INFO - There are 0 files in /opt/airflow/dags
[2025-05-05T10:57:44.741+0000] {manager.py:738} INFO - Searching for files in /opt/airflow/dags
[2025-05-05T10:57:44.746+0000] {manager.py:741} INFO - There are 0 files in /opt/airflow/dags
[2025-05-05T10:58:05.803+0000] {manager.py:451} INFO - Exiting gracefully upon receiving signal 15
[2025-05-05T10:58:37.394+0000] {manager.py:469} INFO - Processing files using up to 2 processes at a time 
[2025-05-05T10:58:37.394+0000] {manager.py:470} INFO - Process each file at most once every 30 seconds
[2025-05-05T10:58:37.395+0000] {manager.py:471} INFO - Checking for new files in /opt/airflow/dags every 300 seconds
[2025-05-05T10:58:37.395+0000] {manager.py:738} INFO - Searching for files in /opt/airflow/dags
[2025-05-05T10:58:37.398+0000] {manager.py:741} INFO - There are 0 files in /opt/airflow/dags
[2025-05-05T11:03:37.592+0000] {manager.py:738} INFO - Searching for files in /opt/airflow/dags
[2025-05-05T11:03:37.601+0000] {manager.py:741} INFO - There are 0 files in /opt/airflow/dags
[2025-05-05T11:08:37.929+0000] {manager.py:738} INFO - Searching for files in /opt/airflow/dags
[2025-05-05T11:08:37.935+0000] {manager.py:741} INFO - There are 0 files in /opt/airflow/dags
[2025-05-05T11:13:38.352+0000] {manager.py:738} INFO - Searching for files in /opt/airflow/dags
[2025-05-05T11:13:38.374+0000] {manager.py:741} INFO - There are 0 files in /opt/airflow/dags
[2025-05-05T11:18:38.493+0000] {manager.py:738} INFO - Searching for files in /opt/airflow/dags
[2025-05-05T11:18:38.498+0000] {manager.py:741} INFO - There are 0 files in /opt/airflow/dags
[2025-05-05T11:23:38.746+0000] {manager.py:738} INFO - Searching for files in /opt/airflow/dags
[2025-05-05T11:23:38.750+0000] {manager.py:741} INFO - There are 0 files in /opt/airflow/dags
[2025-05-05T11:28:21.464+0000] {manager.py:451} INFO - Exiting gracefully upon receiving signal 15
[2025-05-05T11:29:56.362+0000] {manager.py:470} INFO - Processing files using up to 2 processes at a time 
[2025-05-05T11:29:56.366+0000] {manager.py:471} INFO - Process each file at most once every 30 seconds
[2025-05-05T11:29:56.367+0000] {manager.py:472} INFO - Checking for new files in /opt/airflow/dags every 300 seconds
[2025-05-05T11:29:56.367+0000] {manager.py:737} INFO - Searching for files in /opt/airflow/dags
[2025-05-05T11:29:56.372+0000] {manager.py:740} INFO - There are 0 files in /opt/airflow/dags
[2025-05-05T11:34:56.643+0000] {manager.py:737} INFO - Searching for files in /opt/airflow/dags
[2025-05-05T11:34:56.649+0000] {manager.py:740} INFO - There are 0 files in /opt/airflow/dags
[2025-05-05T11:39:56.792+0000] {manager.py:737} INFO - Searching for files in /opt/airflow/dags
[2025-05-05T11:39:56.802+0000] {manager.py:740} INFO - There are 0 files in /opt/airflow/dags
[2025-05-05T11:44:56.943+0000] {manager.py:737} INFO - Searching for files in /opt/airflow/dags
[2025-05-05T11:44:56.955+0000] {manager.py:740} INFO - There are 0 files in /opt/airflow/dags
[2025-05-05T11:49:57.153+0000] {manager.py:737} INFO - Searching for files in /opt/airflow/dags
[2025-05-05T11:49:57.160+0000] {manager.py:740} INFO - There are 1 files in /opt/airflow/dags
[2025-05-05T11:50:05.234+0000] {manager.py:878} INFO - 
================================================================================
DAG File Processing Stats

File Path                               PID    Runtime      # DAGs    # Errors  Last Runtime    Last Run
--------------------------------------  -----  ---------  --------  ----------  --------------  -------------------
/opt/airflow/dags/test_dependencies.py                           1           0  0.30s           2025-05-05T11:49:57
================================================================================
[2025-05-05T11:50:35.800+0000] {manager.py:878} INFO - 
================================================================================
DAG File Processing Stats

File Path                               PID    Runtime      # DAGs    # Errors  Last Runtime    Last Run
--------------------------------------  -----  ---------  --------  ----------  --------------  -------------------
/opt/airflow/dags/test_dependencies.py                           1           0  0.09s           2025-05-05T11:50:27
================================================================================
[2025-05-05T11:51:06.077+0000] {manager.py:878} INFO - 
================================================================================
DAG File Processing Stats

File Path                               PID    Runtime      # DAGs    # Errors  Last Runtime    Last Run
--------------------------------------  -----  ---------  --------  ----------  --------------  -------------------
/opt/airflow/dags/test_dependencies.py                           1           0  0.10s           2025-05-05T11:50:58
================================================================================
[2025-05-05T11:51:36.366+0000] {manager.py:878} INFO - 
================================================================================
DAG File Processing Stats

File Path                               PID    Runtime      # DAGs    # Errors  Last Runtime    Last Run
--------------------------------------  -----  ---------  --------  ----------  --------------  -------------------
/opt/airflow/dags/test_dependencies.py                           1           0  0.09s           2025-05-05T11:51:28
================================================================================
[2025-05-05T11:52:06.716+0000] {manager.py:878} INFO - 
================================================================================
DAG File Processing Stats

File Path                               PID    Runtime      # DAGs    # Errors  Last Runtime    Last Run
--------------------------------------  -----  ---------  --------  ----------  --------------  -------------------
/opt/airflow/dags/test_dependencies.py                           1           0  0.09s           2025-05-05T11:51:58
================================================================================
[2025-05-05T11:52:37.048+0000] {manager.py:878} INFO - 
================================================================================
DAG File Processing Stats

File Path                               PID    Runtime      # DAGs    # Errors  Last Runtime    Last Run
--------------------------------------  -----  ---------  --------  ----------  --------------  -------------------
/opt/airflow/dags/test_dependencies.py                           1           0  0.12s           2025-05-05T11:52:29
================================================================================
[2025-05-05T11:52:56.128+0000] {manager.py:452} INFO - Exiting gracefully upon receiving signal 15
[2025-05-05T12:00:01.484+0000] {manager.py:470} INFO - Processing files using up to 2 processes at a time 
[2025-05-05T12:00:01.485+0000] {manager.py:471} INFO - Process each file at most once every 30 seconds
[2025-05-05T12:00:01.486+0000] {manager.py:472} INFO - Checking for new files in /opt/airflow/dags every 300 seconds
[2025-05-05T12:00:01.487+0000] {manager.py:737} INFO - Searching for files in /opt/airflow/dags
[2025-05-05T12:00:01.514+0000] {manager.py:740} INFO - There are 1 files in /opt/airflow/dags
[2025-05-05T12:00:01.664+0000] {manager.py:878} INFO - 
================================================================================
DAG File Processing Stats

File Path                                 PID  Runtime      # DAGs    # Errors  Last Runtime    Last Run
--------------------------------------  -----  ---------  --------  ----------  --------------  ----------
/opt/airflow/dags/test_dependencies.py     41  0.05s             0           0
================================================================================
[2025-05-05T12:00:31.947+0000] {manager.py:878} INFO - 
================================================================================
DAG File Processing Stats

File Path                                 PID  Runtime      # DAGs    # Errors  Last Runtime    Last Run
--------------------------------------  -----  ---------  --------  ----------  --------------  -------------------
/opt/airflow/dags/test_dependencies.py     42  0.00s             1           0  0.21s           2025-05-05T12:00:01
================================================================================
[2025-05-05T12:01:02.353+0000] {manager.py:878} INFO - 
================================================================================
DAG File Processing Stats

File Path                                 PID  Runtime      # DAGs    # Errors  Last Runtime    Last Run
--------------------------------------  -----  ---------  --------  ----------  --------------  -------------------
/opt/airflow/dags/test_dependencies.py     43  0.00s             1           0  0.14s           2025-05-05T12:00:32
================================================================================
[2025-05-05T12:01:32.762+0000] {manager.py:878} INFO - 
================================================================================
DAG File Processing Stats

File Path                                 PID  Runtime      # DAGs    # Errors  Last Runtime    Last Run
--------------------------------------  -----  ---------  --------  ----------  --------------  -------------------
/opt/airflow/dags/test_dependencies.py     44  0.00s             1           0  0.21s           2025-05-05T12:01:02
================================================================================
[2025-05-05T12:02:03.157+0000] {manager.py:878} INFO - 
================================================================================
DAG File Processing Stats

File Path                                 PID  Runtime      # DAGs    # Errors  Last Runtime    Last Run
--------------------------------------  -----  ---------  --------  ----------  --------------  -------------------
/opt/airflow/dags/test_dependencies.py     45  0.00s             1           0  0.13s           2025-05-05T12:01:32
================================================================================
[2025-05-05T12:02:33.476+0000] {manager.py:878} INFO - 
================================================================================
DAG File Processing Stats

File Path                                 PID  Runtime      # DAGs    # Errors  Last Runtime    Last Run
--------------------------------------  -----  ---------  --------  ----------  --------------  -------------------
/opt/airflow/dags/test_dependencies.py     46  0.00s             1           0  0.09s           2025-05-05T12:02:03
================================================================================
[2025-05-05T12:03:03.842+0000] {manager.py:878} INFO - 
================================================================================
DAG File Processing Stats

File Path                                 PID  Runtime      # DAGs    # Errors  Last Runtime    Last Run
--------------------------------------  -----  ---------  --------  ----------  --------------  -------------------
/opt/airflow/dags/test_dependencies.py     47  0.00s             1           0  0.11s           2025-05-05T12:02:33
================================================================================
[2025-05-05T12:03:34.206+0000] {manager.py:878} INFO - 
================================================================================
DAG File Processing Stats

File Path                                 PID  Runtime      # DAGs    # Errors  Last Runtime    Last Run
--------------------------------------  -----  ---------  --------  ----------  --------------  -------------------
/opt/airflow/dags/test_dependencies.py     48  0.00s             1           0  0.08s           2025-05-05T12:03:03
================================================================================
[2025-05-05T12:04:04.549+0000] {manager.py:878} INFO - 
================================================================================
DAG File Processing Stats

File Path                                 PID  Runtime      # DAGs    # Errors  Last Runtime    Last Run
--------------------------------------  -----  ---------  --------  ----------  --------------  -------------------
/opt/airflow/dags/test_dependencies.py     49  0.00s             1           0  0.10s           2025-05-05T12:03:34
================================================================================
[2025-05-05T12:04:34.946+0000] {manager.py:878} INFO - 
================================================================================
DAG File Processing Stats

File Path                                 PID  Runtime      # DAGs    # Errors  Last Runtime    Last Run
--------------------------------------  -----  ---------  --------  ----------  --------------  -------------------
/opt/airflow/dags/test_dependencies.py     50  0.00s             1           0  0.09s           2025-05-05T12:04:04
================================================================================
[2025-05-05T12:05:02.232+0000] {manager.py:737} INFO - Searching for files in /opt/airflow/dags
[2025-05-05T12:05:02.279+0000] {manager.py:740} INFO - There are 2 files in /opt/airflow/dags
[2025-05-05T12:05:05.370+0000] {manager.py:878} INFO - 
================================================================================
DAG File Processing Stats

File Path                                   PID  Runtime      # DAGs    # Errors  Last Runtime    Last Run
----------------------------------------  -----  ---------  --------  ----------  --------------  -------------------
/opt/airflow/dags/bottleneck_pipeline.py                           1           0  0.25s           2025-05-05T12:05:02
/opt/airflow/dags/test_dependencies.py       52  0.00s             1           0  0.11s           2025-05-05T12:04:35
================================================================================
[2025-05-05T12:05:07.380+0000] {manager.py:1128} WARNING - Skipping processing of missing file: /opt/airflow/dags/bottleneck_pipeline.py
[2025-05-05T12:05:07.382+0000] {manager.py:1128} WARNING - Skipping processing of missing file: /opt/airflow/dags/test_dependencies.py
[2025-05-05T12:10:02.609+0000] {manager.py:737} INFO - Searching for files in /opt/airflow/dags
[2025-05-05T12:10:02.612+0000] {manager.py:740} INFO - There are 0 files in /opt/airflow/dags
[2025-05-05T12:11:45.641+0000] {manager.py:452} INFO - Exiting gracefully upon receiving signal 15
[2025-05-07T07:03:27.779+0000] {manager.py:470} INFO - Processing files using up to 2 processes at a time 
[2025-05-07T07:03:27.793+0000] {manager.py:471} INFO - Process each file at most once every 30 seconds
[2025-05-07T07:03:27.794+0000] {manager.py:472} INFO - Checking for new files in /opt/airflow/dags every 300 seconds
[2025-05-07T07:03:27.795+0000] {manager.py:737} INFO - Searching for files in /opt/airflow/dags
[2025-05-07T07:03:27.828+0000] {manager.py:740} INFO - There are 2 files in /opt/airflow/dags
[2025-05-07T07:03:27.944+0000] {manager.py:878} INFO - 
================================================================================
DAG File Processing Stats

File Path                                   PID  Runtime      # DAGs    # Errors  Last Runtime    Last Run
----------------------------------------  -----  ---------  --------  ----------  --------------  ----------
/opt/airflow/dags/bottleneck_pipeline.py     42  0.04s             0           0
/opt/airflow/dags/test_dependencies.py       41  0.06s             0           0
================================================================================
[2025-05-07T07:03:57.078+0000] {manager.py:878} INFO - 
================================================================================
DAG File Processing Stats

File Path                                 PID    Runtime      # DAGs    # Errors  Last Runtime    Last Run
----------------------------------------  -----  ---------  --------  ----------  --------------  -------------------
/opt/airflow/dags/test_dependencies.py                             1           0  0.33s           2025-05-07T07:03:28
/opt/airflow/dags/bottleneck_pipeline.py                           1           0  0.31s           2025-05-07T07:03:28
================================================================================
[2025-05-07T07:04:25.923+0000] {manager.py:878} INFO - 
================================================================================
DAG File Processing Stats

File Path                                 PID    Runtime      # DAGs    # Errors  Last Runtime    Last Run
----------------------------------------  -----  ---------  --------  ----------  --------------  -------------------
/opt/airflow/dags/test_dependencies.py                             1           0  0.25s           2025-05-07T07:03:58
/opt/airflow/dags/bottleneck_pipeline.py                           1           0  0.20s           2025-05-07T07:03:58
================================================================================
[2025-05-07T07:04:55.057+0000] {manager.py:878} INFO - 
================================================================================
DAG File Processing Stats

File Path                                 PID    Runtime      # DAGs    # Errors  Last Runtime    Last Run
----------------------------------------  -----  ---------  --------  ----------  --------------  -------------------
/opt/airflow/dags/bottleneck_pipeline.py                           1           0  0.21s           2025-05-07T07:04:29
/opt/airflow/dags/test_dependencies.py                             1           0  0.17s           2025-05-07T07:04:29
================================================================================
[2025-05-07T07:05:24.372+0000] {manager.py:878} INFO - 
================================================================================
DAG File Processing Stats

File Path                                 PID    Runtime      # DAGs    # Errors  Last Runtime    Last Run
----------------------------------------  -----  ---------  --------  ----------  --------------  -------------------
/opt/airflow/dags/bottleneck_pipeline.py                           1           0  0.13s           2025-05-07T07:04:59
/opt/airflow/dags/test_dependencies.py                             1           0  0.11s           2025-05-07T07:04:59
================================================================================
[2025-05-07T07:05:53.569+0000] {manager.py:878} INFO - 
================================================================================
DAG File Processing Stats

File Path                                 PID    Runtime      # DAGs    # Errors  Last Runtime    Last Run
----------------------------------------  -----  ---------  --------  ----------  --------------  -------------------
/opt/airflow/dags/test_dependencies.py                             1           0  0.12s           2025-05-07T07:05:29
/opt/airflow/dags/bottleneck_pipeline.py                           1           0  0.11s           2025-05-07T07:05:29
================================================================================
[2025-05-07T07:06:23.107+0000] {manager.py:878} INFO - 
================================================================================
DAG File Processing Stats

File Path                                 PID    Runtime      # DAGs    # Errors  Last Runtime    Last Run
----------------------------------------  -----  ---------  --------  ----------  --------------  -------------------
/opt/airflow/dags/bottleneck_pipeline.py                           1           0  0.10s           2025-05-07T07:05:59
/opt/airflow/dags/test_dependencies.py                             1           0  0.09s           2025-05-07T07:05:59
================================================================================
[2025-05-07T07:06:52.671+0000] {manager.py:878} INFO - 
================================================================================
DAG File Processing Stats

File Path                                 PID    Runtime      # DAGs    # Errors  Last Runtime    Last Run
----------------------------------------  -----  ---------  --------  ----------  --------------  -------------------
/opt/airflow/dags/bottleneck_pipeline.py                           1           0  0.09s           2025-05-07T07:06:30
/opt/airflow/dags/test_dependencies.py                             1           0  0.08s           2025-05-07T07:06:30
================================================================================
[2025-05-07T07:07:22.140+0000] {manager.py:878} INFO - 
================================================================================
DAG File Processing Stats

File Path                                 PID    Runtime      # DAGs    # Errors  Last Runtime    Last Run
----------------------------------------  -----  ---------  --------  ----------  --------------  -------------------
/opt/airflow/dags/bottleneck_pipeline.py                           1           0  0.11s           2025-05-07T07:07:00
/opt/airflow/dags/test_dependencies.py                             1           0  0.10s           2025-05-07T07:07:00
================================================================================
[2025-05-07T07:07:51.701+0000] {manager.py:878} INFO - 
================================================================================
DAG File Processing Stats

File Path                                 PID    Runtime      # DAGs    # Errors  Last Runtime    Last Run
----------------------------------------  -----  ---------  --------  ----------  --------------  -------------------
/opt/airflow/dags/bottleneck_pipeline.py                           1           0  0.13s           2025-05-07T07:07:31
/opt/airflow/dags/test_dependencies.py                             1           0  0.12s           2025-05-07T07:07:31
================================================================================
[2025-05-07T07:08:21.089+0000] {manager.py:878} INFO - 
================================================================================
DAG File Processing Stats

File Path                                 PID    Runtime      # DAGs    # Errors  Last Runtime    Last Run
----------------------------------------  -----  ---------  --------  ----------  --------------  -------------------
/opt/airflow/dags/bottleneck_pipeline.py                           1           0  0.09s           2025-05-07T07:08:01
/opt/airflow/dags/test_dependencies.py                             1           0  0.09s           2025-05-07T07:08:01
================================================================================
[2025-05-07T07:08:28.214+0000] {manager.py:737} INFO - Searching for files in /opt/airflow/dags
[2025-05-07T07:08:28.254+0000] {manager.py:740} INFO - There are 2 files in /opt/airflow/dags
[2025-05-07T07:08:50.701+0000] {manager.py:878} INFO - 
================================================================================
DAG File Processing Stats

File Path                                 PID    Runtime      # DAGs    # Errors  Last Runtime    Last Run
----------------------------------------  -----  ---------  --------  ----------  --------------  -------------------
/opt/airflow/dags/bottleneck_pipeline.py                           1           0  0.11s           2025-05-07T07:08:32
/opt/airflow/dags/test_dependencies.py                             1           0  0.10s           2025-05-07T07:08:32
================================================================================
[2025-05-07T07:09:20.067+0000] {manager.py:878} INFO - 
================================================================================
DAG File Processing Stats

File Path                                 PID    Runtime      # DAGs    # Errors  Last Runtime    Last Run
----------------------------------------  -----  ---------  --------  ----------  --------------  -------------------
/opt/airflow/dags/test_dependencies.py                             1           0  0.11s           2025-05-07T07:09:02
/opt/airflow/dags/bottleneck_pipeline.py                           1           0  0.10s           2025-05-07T07:09:02
================================================================================
[2025-05-07T07:09:49.533+0000] {manager.py:878} INFO - 
================================================================================
DAG File Processing Stats

File Path                                 PID    Runtime      # DAGs    # Errors  Last Runtime    Last Run
----------------------------------------  -----  ---------  --------  ----------  --------------  -------------------
/opt/airflow/dags/bottleneck_pipeline.py                           1           0  0.19s           2025-05-07T07:09:33
/opt/airflow/dags/test_dependencies.py                             1           0  0.18s           2025-05-07T07:09:33
================================================================================
[2025-05-07T07:10:19.096+0000] {manager.py:878} INFO - 
================================================================================
DAG File Processing Stats

File Path                                 PID    Runtime      # DAGs    # Errors  Last Runtime    Last Run
----------------------------------------  -----  ---------  --------  ----------  --------------  -------------------
/opt/airflow/dags/bottleneck_pipeline.py                           1           0  0.10s           2025-05-07T07:10:03
/opt/airflow/dags/test_dependencies.py                             1           0  0.09s           2025-05-07T07:10:03
================================================================================
[2025-05-07T07:10:48.618+0000] {manager.py:878} INFO - 
================================================================================
DAG File Processing Stats

File Path                                 PID    Runtime      # DAGs    # Errors  Last Runtime    Last Run
----------------------------------------  -----  ---------  --------  ----------  --------------  -------------------
/opt/airflow/dags/bottleneck_pipeline.py                           1           0  0.11s           2025-05-07T07:10:34
/opt/airflow/dags/test_dependencies.py                             1           0  0.09s           2025-05-07T07:10:34
================================================================================
[2025-05-07T07:11:18.113+0000] {manager.py:878} INFO - 
================================================================================
DAG File Processing Stats

File Path                                 PID    Runtime      # DAGs    # Errors  Last Runtime    Last Run
----------------------------------------  -----  ---------  --------  ----------  --------------  -------------------
/opt/airflow/dags/bottleneck_pipeline.py                           1           0  0.13s           2025-05-07T07:11:04
/opt/airflow/dags/test_dependencies.py                             1           0  0.12s           2025-05-07T07:11:04
================================================================================
[2025-05-07T07:11:48.158+0000] {manager.py:878} INFO - 
================================================================================
DAG File Processing Stats

File Path                                 PID    Runtime      # DAGs    # Errors  Last Runtime    Last Run
----------------------------------------  -----  ---------  --------  ----------  --------------  -------------------
/opt/airflow/dags/bottleneck_pipeline.py                           1           0  0.09s           2025-05-07T07:11:36
/opt/airflow/dags/test_dependencies.py                             1           0  0.09s           2025-05-07T07:11:35
================================================================================
[2025-05-07T07:12:18.118+0000] {manager.py:878} INFO - 
================================================================================
DAG File Processing Stats

File Path                                 PID    Runtime      # DAGs    # Errors  Last Runtime    Last Run
----------------------------------------  -----  ---------  --------  ----------  --------------  -------------------
/opt/airflow/dags/bottleneck_pipeline.py                           1           0  0.11s           2025-05-07T07:12:06
/opt/airflow/dags/test_dependencies.py                             1           0  0.09s           2025-05-07T07:12:06
================================================================================
[2025-05-07T07:12:48.404+0000] {manager.py:878} INFO - 
================================================================================
DAG File Processing Stats

File Path                                 PID    Runtime      # DAGs    # Errors  Last Runtime    Last Run
----------------------------------------  -----  ---------  --------  ----------  --------------  -------------------
/opt/airflow/dags/test_dependencies.py                             1           0  0.13s           2025-05-07T07:12:37
/opt/airflow/dags/bottleneck_pipeline.py                           1           0  0.12s           2025-05-07T07:12:37
================================================================================
[2025-05-07T07:13:18.240+0000] {manager.py:878} INFO - 
================================================================================
DAG File Processing Stats

File Path                                 PID    Runtime      # DAGs    # Errors  Last Runtime    Last Run
----------------------------------------  -----  ---------  --------  ----------  --------------  -------------------
/opt/airflow/dags/bottleneck_pipeline.py                           1           0  0.10s           2025-05-07T07:13:08
/opt/airflow/dags/test_dependencies.py                             1           0  0.10s           2025-05-07T07:13:08
================================================================================
[2025-05-07T07:13:28.747+0000] {manager.py:737} INFO - Searching for files in /opt/airflow/dags
[2025-05-07T07:13:28.774+0000] {manager.py:740} INFO - There are 2 files in /opt/airflow/dags
[2025-05-07T07:13:48.406+0000] {manager.py:878} INFO - 
================================================================================
DAG File Processing Stats

File Path                                 PID    Runtime      # DAGs    # Errors  Last Runtime    Last Run
----------------------------------------  -----  ---------  --------  ----------  --------------  -------------------
/opt/airflow/dags/test_dependencies.py                             1           0  0.29s           2025-05-07T07:13:39
/opt/airflow/dags/bottleneck_pipeline.py                           1           0  0.27s           2025-05-07T07:13:39
================================================================================
[2025-05-07T07:14:18.160+0000] {manager.py:878} INFO - 
================================================================================
DAG File Processing Stats

File Path                                 PID    Runtime      # DAGs    # Errors  Last Runtime    Last Run
----------------------------------------  -----  ---------  --------  ----------  --------------  -------------------
/opt/airflow/dags/bottleneck_pipeline.py                           1           0  0.16s           2025-05-07T07:14:10
/opt/airflow/dags/test_dependencies.py                             1           0  0.11s           2025-05-07T07:14:10
================================================================================
[2025-05-07T07:14:48.008+0000] {manager.py:878} INFO - 
================================================================================
DAG File Processing Stats

File Path                                 PID    Runtime      # DAGs    # Errors  Last Runtime    Last Run
----------------------------------------  -----  ---------  --------  ----------  --------------  -------------------
/opt/airflow/dags/bottleneck_pipeline.py                           1           0  0.16s           2025-05-07T07:14:41
/opt/airflow/dags/test_dependencies.py                             1           0  0.16s           2025-05-07T07:14:40
================================================================================
[2025-05-07T07:15:17.752+0000] {manager.py:878} INFO - 
================================================================================
DAG File Processing Stats

File Path                                 PID    Runtime      # DAGs    # Errors  Last Runtime    Last Run
----------------------------------------  -----  ---------  --------  ----------  --------------  -------------------
/opt/airflow/dags/test_dependencies.py                             1           0  0.12s           2025-05-07T07:15:11
/opt/airflow/dags/bottleneck_pipeline.py                           1           0  0.12s           2025-05-07T07:15:11
================================================================================
[2025-05-07T07:15:47.563+0000] {manager.py:878} INFO - 
================================================================================
DAG File Processing Stats

File Path                                 PID    Runtime      # DAGs    # Errors  Last Runtime    Last Run
----------------------------------------  -----  ---------  --------  ----------  --------------  -------------------
/opt/airflow/dags/bottleneck_pipeline.py                           1           0  0.10s           2025-05-07T07:15:42
/opt/airflow/dags/test_dependencies.py                             1           0  0.10s           2025-05-07T07:15:42
================================================================================
[2025-05-07T07:16:16.812+0000] {manager.py:878} INFO - 
================================================================================
DAG File Processing Stats

File Path                                 PID    Runtime      # DAGs    # Errors  Last Runtime    Last Run
----------------------------------------  -----  ---------  --------  ----------  --------------  -------------------
/opt/airflow/dags/bottleneck_pipeline.py                           1           0  0.11s           2025-05-07T07:16:13
/opt/airflow/dags/test_dependencies.py                             1           0  0.09s           2025-05-07T07:16:13
================================================================================
[2025-05-07T07:16:46.834+0000] {manager.py:878} INFO - 
================================================================================
DAG File Processing Stats

File Path                                 PID    Runtime      # DAGs    # Errors  Last Runtime    Last Run
----------------------------------------  -----  ---------  --------  ----------  --------------  -------------------
/opt/airflow/dags/bottleneck_pipeline.py                           1           0  0.14s           2025-05-07T07:16:44
/opt/airflow/dags/test_dependencies.py                             1           0  0.09s           2025-05-07T07:16:44
================================================================================
[2025-05-07T07:17:16.907+0000] {manager.py:878} INFO - 
================================================================================
DAG File Processing Stats

File Path                                 PID    Runtime      # DAGs    # Errors  Last Runtime    Last Run
----------------------------------------  -----  ---------  --------  ----------  --------------  -------------------
/opt/airflow/dags/bottleneck_pipeline.py                           1           0  0.10s           2025-05-07T07:17:14
/opt/airflow/dags/test_dependencies.py                             1           0  0.08s           2025-05-07T07:17:14
================================================================================
[2025-05-07T07:17:46.974+0000] {manager.py:878} INFO - 
================================================================================
DAG File Processing Stats

File Path                                 PID    Runtime      # DAGs    # Errors  Last Runtime    Last Run
----------------------------------------  -----  ---------  --------  ----------  --------------  -------------------
/opt/airflow/dags/bottleneck_pipeline.py                           1           0  0.10s           2025-05-07T07:17:45
/opt/airflow/dags/test_dependencies.py                             1           0  0.08s           2025-05-07T07:17:44
================================================================================
[2025-05-07T07:18:17.259+0000] {manager.py:878} INFO - 
================================================================================
DAG File Processing Stats

File Path                                 PID    Runtime      # DAGs    # Errors  Last Runtime    Last Run
----------------------------------------  -----  ---------  --------  ----------  --------------  -------------------
/opt/airflow/dags/bottleneck_pipeline.py                           1           0  0.11s           2025-05-07T07:18:16
/opt/airflow/dags/test_dependencies.py                             1           0  0.08s           2025-05-07T07:18:14
================================================================================
[2025-05-07T07:18:29.416+0000] {manager.py:737} INFO - Searching for files in /opt/airflow/dags
[2025-05-07T07:18:29.793+0000] {manager.py:740} INFO - There are 2 files in /opt/airflow/dags
[2025-05-07T07:18:47.747+0000] {manager.py:878} INFO - 
================================================================================
DAG File Processing Stats

File Path                                 PID    Runtime      # DAGs    # Errors  Last Runtime    Last Run
----------------------------------------  -----  ---------  --------  ----------  --------------  -------------------
/opt/airflow/dags/bottleneck_pipeline.py                           1           0  0.12s           2025-05-07T07:18:46
/opt/airflow/dags/test_dependencies.py                             1           0  0.10s           2025-05-07T07:18:45
================================================================================
[2025-05-07T07:19:17.784+0000] {manager.py:878} INFO - 
================================================================================
DAG File Processing Stats

File Path                                 PID    Runtime      # DAGs    # Errors  Last Runtime    Last Run
----------------------------------------  -----  ---------  --------  ----------  --------------  -------------------
/opt/airflow/dags/bottleneck_pipeline.py                           1           0  0.10s           2025-05-07T07:19:16
/opt/airflow/dags/test_dependencies.py                             1           0  0.08s           2025-05-07T07:19:15
================================================================================
[2025-05-07T07:19:48.002+0000] {manager.py:878} INFO - 
================================================================================
DAG File Processing Stats

File Path                                 PID    Runtime      # DAGs    # Errors  Last Runtime    Last Run
----------------------------------------  -----  ---------  --------  ----------  --------------  -------------------
/opt/airflow/dags/bottleneck_pipeline.py                           1           0  0.13s           2025-05-07T07:19:47
/opt/airflow/dags/test_dependencies.py                             1           0  0.08s           2025-05-07T07:19:45
================================================================================
[2025-05-07T07:20:18.356+0000] {manager.py:878} INFO - 
================================================================================
DAG File Processing Stats

File Path                                 PID    Runtime      # DAGs    # Errors  Last Runtime    Last Run
----------------------------------------  -----  ---------  --------  ----------  --------------  -------------------
/opt/airflow/dags/test_dependencies.py                             1           0  0.22s           2025-05-07T07:20:16
/opt/airflow/dags/bottleneck_pipeline.py                           1           0  0.09s           2025-05-07T07:20:17
================================================================================
[2025-05-07T07:20:48.545+0000] {manager.py:878} INFO - 
================================================================================
DAG File Processing Stats

File Path                                 PID    Runtime      # DAGs    # Errors  Last Runtime    Last Run
----------------------------------------  -----  ---------  --------  ----------  --------------  -------------------
/opt/airflow/dags/bottleneck_pipeline.py                           1           0  0.11s           2025-05-07T07:20:47
/opt/airflow/dags/test_dependencies.py                             1           0  0.10s           2025-05-07T07:20:46
================================================================================
[2025-05-07T07:21:18.892+0000] {manager.py:878} INFO - 
================================================================================
DAG File Processing Stats

File Path                                 PID    Runtime      # DAGs    # Errors  Last Runtime    Last Run
----------------------------------------  -----  ---------  --------  ----------  --------------  -------------------
/opt/airflow/dags/bottleneck_pipeline.py                           1           0  0.22s           2025-05-07T07:21:18
/opt/airflow/dags/test_dependencies.py                             1           0  0.14s           2025-05-07T07:21:16
================================================================================
[2025-05-07T07:21:49.126+0000] {manager.py:878} INFO - 
================================================================================
DAG File Processing Stats

File Path                                 PID    Runtime      # DAGs    # Errors  Last Runtime    Last Run
----------------------------------------  -----  ---------  --------  ----------  --------------  -------------------
/opt/airflow/dags/bottleneck_pipeline.py                           1           0  0.10s           2025-05-07T07:21:48
/opt/airflow/dags/test_dependencies.py                             1           0  0.10s           2025-05-07T07:21:47
================================================================================
[2025-05-07T07:22:19.385+0000] {manager.py:878} INFO - 
================================================================================
DAG File Processing Stats

File Path                                 PID    Runtime      # DAGs    # Errors  Last Runtime    Last Run
----------------------------------------  -----  ---------  --------  ----------  --------------  -------------------
/opt/airflow/dags/test_dependencies.py                             1           0  0.12s           2025-05-07T07:22:17
/opt/airflow/dags/bottleneck_pipeline.py                           1           0  0.11s           2025-05-07T07:22:18
================================================================================
[2025-05-07T07:22:49.597+0000] {manager.py:878} INFO - 
================================================================================
DAG File Processing Stats

File Path                                 PID    Runtime      # DAGs    # Errors  Last Runtime    Last Run
----------------------------------------  -----  ---------  --------  ----------  --------------  -------------------
/opt/airflow/dags/bottleneck_pipeline.py                           1           0  0.10s           2025-05-07T07:22:48
/opt/airflow/dags/test_dependencies.py                             1           0  0.09s           2025-05-07T07:22:47
================================================================================
[2025-05-07T07:23:19.801+0000] {manager.py:878} INFO - 
================================================================================
DAG File Processing Stats

File Path                                 PID    Runtime      # DAGs    # Errors  Last Runtime    Last Run
----------------------------------------  -----  ---------  --------  ----------  --------------  -------------------
/opt/airflow/dags/test_dependencies.py                             1           0  0.11s           2025-05-07T07:23:17
/opt/airflow/dags/bottleneck_pipeline.py                           1           0  0.09s           2025-05-07T07:23:18
================================================================================
[2025-05-07T07:23:29.895+0000] {manager.py:737} INFO - Searching for files in /opt/airflow/dags
[2025-05-07T07:23:30.297+0000] {manager.py:740} INFO - There are 2 files in /opt/airflow/dags
[2025-05-07T07:23:49.471+0000] {manager.py:878} INFO - 
================================================================================
DAG File Processing Stats

File Path                                 PID    Runtime      # DAGs    # Errors  Last Runtime    Last Run
----------------------------------------  -----  ---------  --------  ----------  --------------  -------------------
/opt/airflow/dags/bottleneck_pipeline.py                           1           0  0.21s           2025-05-07T07:23:49
/opt/airflow/dags/test_dependencies.py                             1           0  0.08s           2025-05-07T07:23:48
================================================================================
[2025-05-07T07:24:19.299+0000] {manager.py:878} INFO - 
================================================================================
DAG File Processing Stats

File Path                                 PID    Runtime      # DAGs    # Errors  Last Runtime    Last Run
----------------------------------------  -----  ---------  --------  ----------  --------------  -------------------
/opt/airflow/dags/bottleneck_pipeline.py                           1           0  0.21s           2025-05-07T07:23:49
/opt/airflow/dags/test_dependencies.py                             1           0  0.09s           2025-05-07T07:24:18
================================================================================
[2025-05-07T07:24:49.518+0000] {manager.py:878} INFO - 
================================================================================
DAG File Processing Stats

File Path                                 PID    Runtime      # DAGs    # Errors  Last Runtime    Last Run
----------------------------------------  -----  ---------  --------  ----------  --------------  -------------------
/opt/airflow/dags/bottleneck_pipeline.py                           1           0  0.12s           2025-05-07T07:24:20
/opt/airflow/dags/test_dependencies.py                             1           0  0.08s           2025-05-07T07:24:48
================================================================================
[2025-05-07T07:25:19.522+0000] {manager.py:878} INFO - 
================================================================================
DAG File Processing Stats

File Path                                   PID  Runtime      # DAGs    # Errors  Last Runtime    Last Run
----------------------------------------  -----  ---------  --------  ----------  --------------  -------------------
/opt/airflow/dags/bottleneck_pipeline.py                           1           0  0.10s           2025-05-07T07:24:50
/opt/airflow/dags/test_dependencies.py      127  0.00s             1           0  0.08s           2025-05-07T07:24:48
================================================================================
[2025-05-07T07:25:49.600+0000] {manager.py:878} INFO - 
================================================================================
DAG File Processing Stats

File Path                                 PID    Runtime      # DAGs    # Errors  Last Runtime    Last Run
----------------------------------------  -----  ---------  --------  ----------  --------------  -------------------
/opt/airflow/dags/bottleneck_pipeline.py                           1           0  0.10s           2025-05-07T07:25:20
/opt/airflow/dags/test_dependencies.py                             1           0  0.09s           2025-05-07T07:25:19
================================================================================
[2025-05-07T07:26:19.721+0000] {manager.py:878} INFO - 
================================================================================
DAG File Processing Stats

File Path                                 PID    Runtime      # DAGs    # Errors  Last Runtime    Last Run
----------------------------------------  -----  ---------  --------  ----------  --------------  -------------------
/opt/airflow/dags/bottleneck_pipeline.py                           1           0  0.11s           2025-05-07T07:25:50
/opt/airflow/dags/test_dependencies.py                             1           0  0.09s           2025-05-07T07:25:49
================================================================================
[2025-05-07T07:26:49.910+0000] {manager.py:878} INFO - 
================================================================================
DAG File Processing Stats

File Path                                 PID    Runtime      # DAGs    # Errors  Last Runtime    Last Run
----------------------------------------  -----  ---------  --------  ----------  --------------  -------------------
/opt/airflow/dags/bottleneck_pipeline.py                           1           0  0.10s           2025-05-07T07:26:21
/opt/airflow/dags/test_dependencies.py                             1           0  0.08s           2025-05-07T07:26:20
================================================================================
[2025-05-07T07:27:20.067+0000] {manager.py:878} INFO - 
================================================================================
DAG File Processing Stats

File Path                                 PID    Runtime      # DAGs    # Errors  Last Runtime    Last Run
----------------------------------------  -----  ---------  --------  ----------  --------------  -------------------
/opt/airflow/dags/bottleneck_pipeline.py                           1           0  0.09s           2025-05-07T07:26:51
/opt/airflow/dags/test_dependencies.py                             1           0  0.09s           2025-05-07T07:26:51
================================================================================
[2025-05-07T07:27:50.217+0000] {manager.py:878} INFO - 
================================================================================
DAG File Processing Stats

File Path                                 PID    Runtime      # DAGs    # Errors  Last Runtime    Last Run
----------------------------------------  -----  ---------  --------  ----------  --------------  -------------------
/opt/airflow/dags/bottleneck_pipeline.py                           1           0  0.13s           2025-05-07T07:27:21
/opt/airflow/dags/test_dependencies.py                             1           0  0.11s           2025-05-07T07:27:21
================================================================================
[2025-05-07T07:28:19.868+0000] {manager.py:878} INFO - 
================================================================================
DAG File Processing Stats

File Path                                 PID    Runtime      # DAGs    # Errors  Last Runtime    Last Run
----------------------------------------  -----  ---------  --------  ----------  --------------  -------------------
/opt/airflow/dags/bottleneck_pipeline.py                           1           0  0.36s           2025-05-07T07:27:51
/opt/airflow/dags/test_dependencies.py                             1           0  0.16s           2025-05-07T07:27:51
================================================================================
[2025-05-07T07:28:30.755+0000] {manager.py:737} INFO - Searching for files in /opt/airflow/dags
[2025-05-07T07:28:30.816+0000] {manager.py:740} INFO - There are 2 files in /opt/airflow/dags
[2025-05-07T07:28:49.797+0000] {manager.py:878} INFO - 
================================================================================
DAG File Processing Stats

File Path                                 PID    Runtime      # DAGs    # Errors  Last Runtime    Last Run
----------------------------------------  -----  ---------  --------  ----------  --------------  -------------------
/opt/airflow/dags/test_dependencies.py                             1           0  0.14s           2025-05-07T07:28:21
/opt/airflow/dags/bottleneck_pipeline.py                           1           0  0.12s           2025-05-07T07:28:22
================================================================================
[2025-05-07T07:29:19.873+0000] {manager.py:878} INFO - 
================================================================================
DAG File Processing Stats

File Path                                 PID    Runtime      # DAGs    # Errors  Last Runtime    Last Run
----------------------------------------  -----  ---------  --------  ----------  --------------  -------------------
/opt/airflow/dags/bottleneck_pipeline.py                           1           0  0.09s           2025-05-07T07:28:52
/opt/airflow/dags/test_dependencies.py                             1           0  0.08s           2025-05-07T07:28:51
================================================================================
[2025-05-07T07:29:50.041+0000] {manager.py:878} INFO - 
================================================================================
DAG File Processing Stats

File Path                                 PID    Runtime      # DAGs    # Errors  Last Runtime    Last Run
----------------------------------------  -----  ---------  --------  ----------  --------------  -------------------
/opt/airflow/dags/test_dependencies.py                             1           0  0.09s           2025-05-07T07:29:23
/opt/airflow/dags/bottleneck_pipeline.py                           1           0  0.09s           2025-05-07T07:29:23
================================================================================
[2025-05-07T07:30:20.243+0000] {manager.py:878} INFO - 
================================================================================
DAG File Processing Stats

File Path                                 PID    Runtime      # DAGs    # Errors  Last Runtime    Last Run
----------------------------------------  -----  ---------  --------  ----------  --------------  -------------------
/opt/airflow/dags/bottleneck_pipeline.py                           1           0  0.09s           2025-05-07T07:29:53
/opt/airflow/dags/test_dependencies.py                             1           0  0.08s           2025-05-07T07:29:53
================================================================================
[2025-05-07T07:30:50.489+0000] {manager.py:878} INFO - 
================================================================================
DAG File Processing Stats

File Path                                 PID    Runtime      # DAGs    # Errors  Last Runtime    Last Run
----------------------------------------  -----  ---------  --------  ----------  --------------  -------------------
/opt/airflow/dags/test_dependencies.py                             1           0  0.09s           2025-05-07T07:30:23
/opt/airflow/dags/bottleneck_pipeline.py                           1           0  0.09s           2025-05-07T07:30:23
================================================================================
[2025-05-07T07:31:20.805+0000] {manager.py:878} INFO - 
================================================================================
DAG File Processing Stats

File Path                                 PID    Runtime      # DAGs    # Errors  Last Runtime    Last Run
----------------------------------------  -----  ---------  --------  ----------  --------------  -------------------
/opt/airflow/dags/bottleneck_pipeline.py                           1           0  0.16s           2025-05-07T07:30:53
/opt/airflow/dags/test_dependencies.py                             1           0  0.15s           2025-05-07T07:30:53
================================================================================
[2025-05-07T07:31:51.011+0000] {manager.py:878} INFO - 
================================================================================
DAG File Processing Stats

File Path                                 PID    Runtime      # DAGs    # Errors  Last Runtime    Last Run
----------------------------------------  -----  ---------  --------  ----------  --------------  -------------------
/opt/airflow/dags/bottleneck_pipeline.py                           1           0  0.09s           2025-05-07T07:31:23
/opt/airflow/dags/test_dependencies.py                             1           0  0.09s           2025-05-07T07:31:23
================================================================================
[2025-05-07T07:32:21.569+0000] {manager.py:878} INFO - 
================================================================================
DAG File Processing Stats

File Path                                 PID    Runtime      # DAGs    # Errors  Last Runtime    Last Run
----------------------------------------  -----  ---------  --------  ----------  --------------  -------------------
/opt/airflow/dags/test_dependencies.py                             1           0  0.19s           2025-05-07T07:31:54
/opt/airflow/dags/bottleneck_pipeline.py                           1           0  0.15s           2025-05-07T07:31:54
================================================================================
[2025-05-07T07:32:51.867+0000] {manager.py:878} INFO - 
================================================================================
DAG File Processing Stats

File Path                                 PID    Runtime      # DAGs    # Errors  Last Runtime    Last Run
----------------------------------------  -----  ---------  --------  ----------  --------------  -------------------
/opt/airflow/dags/bottleneck_pipeline.py                           1           0  0.15s           2025-05-07T07:32:24
/opt/airflow/dags/test_dependencies.py                             1           0  0.14s           2025-05-07T07:32:24
================================================================================
[2025-05-07T07:33:22.132+0000] {manager.py:878} INFO - 
================================================================================
DAG File Processing Stats

File Path                                 PID    Runtime      # DAGs    # Errors  Last Runtime    Last Run
----------------------------------------  -----  ---------  --------  ----------  --------------  -------------------
/opt/airflow/dags/bottleneck_pipeline.py                           1           0  0.10s           2025-05-07T07:32:55
/opt/airflow/dags/test_dependencies.py                             1           0  0.10s           2025-05-07T07:32:55
================================================================================
[2025-05-07T07:33:31.385+0000] {manager.py:737} INFO - Searching for files in /opt/airflow/dags
[2025-05-07T07:33:31.433+0000] {manager.py:740} INFO - There are 2 files in /opt/airflow/dags
[2025-05-07T07:33:52.513+0000] {manager.py:878} INFO - 
================================================================================
DAG File Processing Stats

File Path                                 PID    Runtime      # DAGs    # Errors  Last Runtime    Last Run
----------------------------------------  -----  ---------  --------  ----------  --------------  -------------------
/opt/airflow/dags/bottleneck_pipeline.py                           1           0  0.10s           2025-05-07T07:33:25
/opt/airflow/dags/test_dependencies.py                             1           0  0.09s           2025-05-07T07:33:25
================================================================================
[2025-05-07T07:34:22.646+0000] {manager.py:878} INFO - 
================================================================================
DAG File Processing Stats

File Path                                 PID    Runtime      # DAGs    # Errors  Last Runtime    Last Run
----------------------------------------  -----  ---------  --------  ----------  --------------  -------------------
/opt/airflow/dags/bottleneck_pipeline.py                           1           0  0.10s           2025-05-07T07:33:55
/opt/airflow/dags/test_dependencies.py                             1           0  0.09s           2025-05-07T07:33:55
================================================================================
[2025-05-07T07:34:52.892+0000] {manager.py:878} INFO - 
================================================================================
DAG File Processing Stats

File Path                                 PID    Runtime      # DAGs    # Errors  Last Runtime    Last Run
----------------------------------------  -----  ---------  --------  ----------  --------------  -------------------
/opt/airflow/dags/test_dependencies.py                             1           0  0.20s           2025-05-07T07:34:25
/opt/airflow/dags/bottleneck_pipeline.py                           1           0  0.19s           2025-05-07T07:34:25
================================================================================
[2025-05-07T07:35:23.157+0000] {manager.py:878} INFO - 
================================================================================
DAG File Processing Stats

File Path                                 PID    Runtime      # DAGs    # Errors  Last Runtime    Last Run
----------------------------------------  -----  ---------  --------  ----------  --------------  -------------------
/opt/airflow/dags/bottleneck_pipeline.py                           1           0  0.10s           2025-05-07T07:34:56
/opt/airflow/dags/test_dependencies.py                             1           0  0.09s           2025-05-07T07:34:56
================================================================================
[2025-05-07T07:35:53.420+0000] {manager.py:878} INFO - 
================================================================================
DAG File Processing Stats

File Path                                 PID    Runtime      # DAGs    # Errors  Last Runtime    Last Run
----------------------------------------  -----  ---------  --------  ----------  --------------  -------------------
/opt/airflow/dags/bottleneck_pipeline.py                           1           0  0.10s           2025-05-07T07:35:26
/opt/airflow/dags/test_dependencies.py                             1           0  0.09s           2025-05-07T07:35:26
================================================================================
[2025-05-07T07:36:23.688+0000] {manager.py:878} INFO - 
================================================================================
DAG File Processing Stats

File Path                                 PID    Runtime      # DAGs    # Errors  Last Runtime    Last Run
----------------------------------------  -----  ---------  --------  ----------  --------------  -------------------
/opt/airflow/dags/bottleneck_pipeline.py                           1           0  0.11s           2025-05-07T07:35:56
/opt/airflow/dags/test_dependencies.py                             1           0  0.11s           2025-05-07T07:35:56
================================================================================
[2025-05-07T07:36:54.006+0000] {manager.py:878} INFO - 
================================================================================
DAG File Processing Stats

File Path                                 PID    Runtime      # DAGs    # Errors  Last Runtime    Last Run
----------------------------------------  -----  ---------  --------  ----------  --------------  -------------------
/opt/airflow/dags/bottleneck_pipeline.py                           1           0  0.09s           2025-05-07T07:36:26
/opt/airflow/dags/test_dependencies.py                             1           0  0.08s           2025-05-07T07:36:26
================================================================================
[2025-05-07T07:37:24.263+0000] {manager.py:878} INFO - 
================================================================================
DAG File Processing Stats

File Path                                 PID    Runtime      # DAGs    # Errors  Last Runtime    Last Run
----------------------------------------  -----  ---------  --------  ----------  --------------  -------------------
/opt/airflow/dags/bottleneck_pipeline.py                           1           0  0.09s           2025-05-07T07:36:57
/opt/airflow/dags/test_dependencies.py                             1           0  0.08s           2025-05-07T07:36:57
================================================================================
[2025-05-07T07:37:54.462+0000] {manager.py:878} INFO - 
================================================================================
DAG File Processing Stats

File Path                                 PID    Runtime      # DAGs    # Errors  Last Runtime    Last Run
----------------------------------------  -----  ---------  --------  ----------  --------------  -------------------
/opt/airflow/dags/bottleneck_pipeline.py                           1           0  0.10s           2025-05-07T07:37:27
/opt/airflow/dags/test_dependencies.py                             1           0  0.09s           2025-05-07T07:37:27
================================================================================
[2025-05-07T07:38:24.740+0000] {manager.py:878} INFO - 
================================================================================
DAG File Processing Stats

File Path                                 PID    Runtime      # DAGs    # Errors  Last Runtime    Last Run
----------------------------------------  -----  ---------  --------  ----------  --------------  -------------------
/opt/airflow/dags/bottleneck_pipeline.py                           1           0  0.10s           2025-05-07T07:37:57
/opt/airflow/dags/test_dependencies.py                             1           0  0.09s           2025-05-07T07:37:57
================================================================================
[2025-05-07T07:38:31.650+0000] {manager.py:737} INFO - Searching for files in /opt/airflow/dags
[2025-05-07T07:38:31.674+0000] {manager.py:740} INFO - There are 2 files in /opt/airflow/dags
[2025-05-07T07:38:54.986+0000] {manager.py:878} INFO - 
================================================================================
DAG File Processing Stats

File Path                                 PID    Runtime      # DAGs    # Errors  Last Runtime    Last Run
----------------------------------------  -----  ---------  --------  ----------  --------------  -------------------
/opt/airflow/dags/bottleneck_pipeline.py                           1           0  0.09s           2025-05-07T07:38:27
/opt/airflow/dags/test_dependencies.py                             1           0  0.08s           2025-05-07T07:38:27
================================================================================
[2025-05-07T07:39:25.179+0000] {manager.py:878} INFO - 
================================================================================
DAG File Processing Stats

File Path                                 PID    Runtime      # DAGs    # Errors  Last Runtime    Last Run
----------------------------------------  -----  ---------  --------  ----------  --------------  -------------------
/opt/airflow/dags/bottleneck_pipeline.py                           1           0  0.09s           2025-05-07T07:38:58
/opt/airflow/dags/test_dependencies.py                             1           0  0.09s           2025-05-07T07:38:58
================================================================================
[2025-05-07T07:39:55.461+0000] {manager.py:878} INFO - 
================================================================================
DAG File Processing Stats

File Path                                 PID    Runtime      # DAGs    # Errors  Last Runtime    Last Run
----------------------------------------  -----  ---------  --------  ----------  --------------  -------------------
/opt/airflow/dags/bottleneck_pipeline.py                           1           0  0.10s           2025-05-07T07:39:28
/opt/airflow/dags/test_dependencies.py                             1           0  0.10s           2025-05-07T07:39:28
================================================================================
[2025-05-07T07:40:25.586+0000] {manager.py:878} INFO - 
================================================================================
DAG File Processing Stats

File Path                                 PID    Runtime      # DAGs    # Errors  Last Runtime    Last Run
----------------------------------------  -----  ---------  --------  ----------  --------------  -------------------
/opt/airflow/dags/bottleneck_pipeline.py                           1           0  0.09s           2025-05-07T07:39:58
/opt/airflow/dags/test_dependencies.py                             1           0  0.08s           2025-05-07T07:39:58
================================================================================
[2025-05-07T07:40:55.805+0000] {manager.py:878} INFO - 
================================================================================
DAG File Processing Stats

File Path                                 PID    Runtime      # DAGs    # Errors  Last Runtime    Last Run
----------------------------------------  -----  ---------  --------  ----------  --------------  -------------------
/opt/airflow/dags/bottleneck_pipeline.py                           1           0  0.10s           2025-05-07T07:40:28
/opt/airflow/dags/test_dependencies.py                             1           0  0.09s           2025-05-07T07:40:28
================================================================================
[2025-05-07T07:41:25.909+0000] {manager.py:878} INFO - 
================================================================================
DAG File Processing Stats

File Path                                 PID    Runtime      # DAGs    # Errors  Last Runtime    Last Run
----------------------------------------  -----  ---------  --------  ----------  --------------  -------------------
/opt/airflow/dags/bottleneck_pipeline.py                           1           0  0.11s           2025-05-07T07:40:58
/opt/airflow/dags/test_dependencies.py                             1           0  0.11s           2025-05-07T07:40:58
================================================================================
[2025-05-07T07:41:56.182+0000] {manager.py:878} INFO - 
================================================================================
DAG File Processing Stats

File Path                                 PID    Runtime      # DAGs    # Errors  Last Runtime    Last Run
----------------------------------------  -----  ---------  --------  ----------  --------------  -------------------
/opt/airflow/dags/bottleneck_pipeline.py                           1           0  0.10s           2025-05-07T07:41:29
/opt/airflow/dags/test_dependencies.py                             1           0  0.08s           2025-05-07T07:41:29
================================================================================
[2025-05-07T07:42:26.452+0000] {manager.py:878} INFO - 
================================================================================
DAG File Processing Stats

File Path                                 PID    Runtime      # DAGs    # Errors  Last Runtime    Last Run
----------------------------------------  -----  ---------  --------  ----------  --------------  -------------------
/opt/airflow/dags/bottleneck_pipeline.py                           1           0  0.11s           2025-05-07T07:41:59
/opt/airflow/dags/test_dependencies.py                             1           0  0.10s           2025-05-07T07:41:59
================================================================================
[2025-05-07T07:42:56.718+0000] {manager.py:878} INFO - 
================================================================================
DAG File Processing Stats

File Path                                 PID    Runtime      # DAGs    # Errors  Last Runtime    Last Run
----------------------------------------  -----  ---------  --------  ----------  --------------  -------------------
/opt/airflow/dags/bottleneck_pipeline.py                           1           0  0.09s           2025-05-07T07:42:29
/opt/airflow/dags/test_dependencies.py                             1           0  0.09s           2025-05-07T07:42:29
================================================================================
[2025-05-07T07:43:27.051+0000] {manager.py:878} INFO - 
================================================================================
DAG File Processing Stats

File Path                                 PID    Runtime      # DAGs    # Errors  Last Runtime    Last Run
----------------------------------------  -----  ---------  --------  ----------  --------------  -------------------
/opt/airflow/dags/bottleneck_pipeline.py                           1           0  0.13s           2025-05-07T07:43:00
/opt/airflow/dags/test_dependencies.py                             1           0  0.12s           2025-05-07T07:43:00
================================================================================
[2025-05-07T07:43:31.985+0000] {manager.py:737} INFO - Searching for files in /opt/airflow/dags
[2025-05-07T07:43:32.023+0000] {manager.py:740} INFO - There are 2 files in /opt/airflow/dags
[2025-05-07T07:43:57.298+0000] {manager.py:878} INFO - 
================================================================================
DAG File Processing Stats

File Path                                 PID    Runtime      # DAGs    # Errors  Last Runtime    Last Run
----------------------------------------  -----  ---------  --------  ----------  --------------  -------------------
/opt/airflow/dags/test_dependencies.py                             1           0  0.11s           2025-05-07T07:43:31
/opt/airflow/dags/bottleneck_pipeline.py                           1           0  0.11s           2025-05-07T07:43:31
================================================================================
[2025-05-07T07:44:27.684+0000] {manager.py:878} INFO - 
================================================================================
DAG File Processing Stats

File Path                                 PID    Runtime      # DAGs    # Errors  Last Runtime    Last Run
----------------------------------------  -----  ---------  --------  ----------  --------------  -------------------
/opt/airflow/dags/bottleneck_pipeline.py                           1           0  0.11s           2025-05-07T07:44:01
/opt/airflow/dags/test_dependencies.py                             1           0  0.10s           2025-05-07T07:44:01
================================================================================
[2025-05-07T07:44:57.908+0000] {manager.py:878} INFO - 
================================================================================
DAG File Processing Stats

File Path                                 PID    Runtime      # DAGs    # Errors  Last Runtime    Last Run
----------------------------------------  -----  ---------  --------  ----------  --------------  -------------------
/opt/airflow/dags/bottleneck_pipeline.py                           1           0  0.11s           2025-05-07T07:44:31
/opt/airflow/dags/test_dependencies.py                             1           0  0.09s           2025-05-07T07:44:31
================================================================================
[2025-05-07T07:45:28.174+0000] {manager.py:878} INFO - 
================================================================================
DAG File Processing Stats

File Path                                 PID    Runtime      # DAGs    # Errors  Last Runtime    Last Run
----------------------------------------  -----  ---------  --------  ----------  --------------  -------------------
/opt/airflow/dags/bottleneck_pipeline.py                           1           0  0.12s           2025-05-07T07:45:01
/opt/airflow/dags/test_dependencies.py                             1           0  0.11s           2025-05-07T07:45:01
================================================================================
[2025-05-07T07:45:58.461+0000] {manager.py:878} INFO - 
================================================================================
DAG File Processing Stats

File Path                                 PID    Runtime      # DAGs    # Errors  Last Runtime    Last Run
----------------------------------------  -----  ---------  --------  ----------  --------------  -------------------
/opt/airflow/dags/bottleneck_pipeline.py                           1           0  0.10s           2025-05-07T07:45:32
/opt/airflow/dags/test_dependencies.py                             1           0  0.09s           2025-05-07T07:45:32
================================================================================
[2025-05-07T07:46:28.693+0000] {manager.py:878} INFO - 
================================================================================
DAG File Processing Stats

File Path                                 PID    Runtime      # DAGs    # Errors  Last Runtime    Last Run
----------------------------------------  -----  ---------  --------  ----------  --------------  -------------------
/opt/airflow/dags/bottleneck_pipeline.py                           1           0  0.12s           2025-05-07T07:46:02
/opt/airflow/dags/test_dependencies.py                             1           0  0.11s           2025-05-07T07:46:02
================================================================================
[2025-05-07T07:46:58.904+0000] {manager.py:878} INFO - 
================================================================================
DAG File Processing Stats

File Path                                 PID    Runtime      # DAGs    # Errors  Last Runtime    Last Run
----------------------------------------  -----  ---------  --------  ----------  --------------  -------------------
/opt/airflow/dags/bottleneck_pipeline.py                           1           0  0.09s           2025-05-07T07:46:32
/opt/airflow/dags/test_dependencies.py                             1           0  0.09s           2025-05-07T07:46:32
================================================================================
[2025-05-07T07:47:29.170+0000] {manager.py:878} INFO - 
================================================================================
DAG File Processing Stats

File Path                                 PID    Runtime      # DAGs    # Errors  Last Runtime    Last Run
----------------------------------------  -----  ---------  --------  ----------  --------------  -------------------
/opt/airflow/dags/test_dependencies.py                             1           0  0.10s           2025-05-07T07:47:03
/opt/airflow/dags/bottleneck_pipeline.py                           1           0  0.10s           2025-05-07T07:47:03
================================================================================
[2025-05-07T07:47:59.422+0000] {manager.py:878} INFO - 
================================================================================
DAG File Processing Stats

File Path                                 PID    Runtime      # DAGs    # Errors  Last Runtime    Last Run
----------------------------------------  -----  ---------  --------  ----------  --------------  -------------------
/opt/airflow/dags/bottleneck_pipeline.py                           1           0  0.14s           2025-05-07T07:47:33
/opt/airflow/dags/test_dependencies.py                             1           0  0.12s           2025-05-07T07:47:33
================================================================================
[2025-05-07T07:48:29.679+0000] {manager.py:878} INFO - 
================================================================================
DAG File Processing Stats

File Path                                 PID    Runtime      # DAGs    # Errors  Last Runtime    Last Run
----------------------------------------  -----  ---------  --------  ----------  --------------  -------------------
/opt/airflow/dags/bottleneck_pipeline.py                           1           0  0.14s           2025-05-07T07:48:03
/opt/airflow/dags/test_dependencies.py                             1           0  0.14s           2025-05-07T07:48:03
================================================================================
[2025-05-07T07:48:32.703+0000] {manager.py:737} INFO - Searching for files in /opt/airflow/dags
[2025-05-07T07:48:32.731+0000] {manager.py:740} INFO - There are 2 files in /opt/airflow/dags
[2025-05-07T07:49:00.047+0000] {manager.py:878} INFO - 
================================================================================
DAG File Processing Stats

File Path                                 PID    Runtime      # DAGs    # Errors  Last Runtime    Last Run
----------------------------------------  -----  ---------  --------  ----------  --------------  -------------------
/opt/airflow/dags/bottleneck_pipeline.py                           1           0  0.10s           2025-05-07T07:48:33
/opt/airflow/dags/test_dependencies.py                             1           0  0.09s           2025-05-07T07:48:33
================================================================================
[2025-05-07T07:49:30.239+0000] {manager.py:878} INFO - 
================================================================================
DAG File Processing Stats

File Path                                 PID    Runtime      # DAGs    # Errors  Last Runtime    Last Run
----------------------------------------  -----  ---------  --------  ----------  --------------  -------------------
/opt/airflow/dags/bottleneck_pipeline.py                           1           0  0.11s           2025-05-07T07:49:04
/opt/airflow/dags/test_dependencies.py                             1           0  0.10s           2025-05-07T07:49:04
================================================================================
[2025-05-07T07:50:00.625+0000] {manager.py:878} INFO - 
================================================================================
DAG File Processing Stats

File Path                                 PID    Runtime      # DAGs    # Errors  Last Runtime    Last Run
----------------------------------------  -----  ---------  --------  ----------  --------------  -------------------
/opt/airflow/dags/bottleneck_pipeline.py                           1           0  0.09s           2025-05-07T07:49:34
/opt/airflow/dags/test_dependencies.py                             1           0  0.09s           2025-05-07T07:49:34
================================================================================
[2025-05-07T07:50:30.861+0000] {manager.py:878} INFO - 
================================================================================
DAG File Processing Stats

File Path                                 PID    Runtime      # DAGs    # Errors  Last Runtime    Last Run
----------------------------------------  -----  ---------  --------  ----------  --------------  -------------------
/opt/airflow/dags/bottleneck_pipeline.py                           1           0  0.12s           2025-05-07T07:50:04
/opt/airflow/dags/test_dependencies.py                             1           0  0.09s           2025-05-07T07:50:04
================================================================================
[2025-05-07T07:51:01.174+0000] {manager.py:878} INFO - 
================================================================================
DAG File Processing Stats

File Path                                 PID    Runtime      # DAGs    # Errors  Last Runtime    Last Run
----------------------------------------  -----  ---------  --------  ----------  --------------  -------------------
/opt/airflow/dags/bottleneck_pipeline.py                           1           0  0.12s           2025-05-07T07:50:35
/opt/airflow/dags/test_dependencies.py                             1           0  0.09s           2025-05-07T07:50:34
================================================================================
[2025-05-07T07:51:31.348+0000] {manager.py:878} INFO - 
================================================================================
DAG File Processing Stats

File Path                                 PID    Runtime      # DAGs    # Errors  Last Runtime    Last Run
----------------------------------------  -----  ---------  --------  ----------  --------------  -------------------
/opt/airflow/dags/bottleneck_pipeline.py                           1           0  0.10s           2025-05-07T07:51:05
/opt/airflow/dags/test_dependencies.py                             1           0  0.10s           2025-05-07T07:51:05
================================================================================
[2025-05-07T07:52:01.618+0000] {manager.py:878} INFO - 
================================================================================
DAG File Processing Stats

File Path                                 PID    Runtime      # DAGs    # Errors  Last Runtime    Last Run
----------------------------------------  -----  ---------  --------  ----------  --------------  -------------------
/opt/airflow/dags/bottleneck_pipeline.py                           1           0  0.11s           2025-05-07T07:51:35
/opt/airflow/dags/test_dependencies.py                             1           0  0.11s           2025-05-07T07:51:35
================================================================================
[2025-05-07T07:52:31.887+0000] {manager.py:878} INFO - 
================================================================================
DAG File Processing Stats

File Path                                 PID    Runtime      # DAGs    # Errors  Last Runtime    Last Run
----------------------------------------  -----  ---------  --------  ----------  --------------  -------------------
/opt/airflow/dags/test_dependencies.py                             1           0  0.10s           2025-05-07T07:52:05
/opt/airflow/dags/bottleneck_pipeline.py                           1           0  0.10s           2025-05-07T07:52:05
================================================================================
[2025-05-07T07:53:02.202+0000] {manager.py:878} INFO - 
================================================================================
DAG File Processing Stats

File Path                                 PID    Runtime      # DAGs    # Errors  Last Runtime    Last Run
----------------------------------------  -----  ---------  --------  ----------  --------------  -------------------
/opt/airflow/dags/bottleneck_pipeline.py                           1           0  0.12s           2025-05-07T07:52:36
/opt/airflow/dags/test_dependencies.py                             1           0  0.10s           2025-05-07T07:52:36
================================================================================
[2025-05-07T07:53:32.441+0000] {manager.py:878} INFO - 
================================================================================
DAG File Processing Stats

File Path                                 PID    Runtime      # DAGs    # Errors  Last Runtime    Last Run
----------------------------------------  -----  ---------  --------  ----------  --------------  -------------------
/opt/airflow/dags/bottleneck_pipeline.py                           1           0  0.12s           2025-05-07T07:53:06
/opt/airflow/dags/test_dependencies.py                             1           0  0.12s           2025-05-07T07:53:06
================================================================================
[2025-05-07T07:53:33.451+0000] {manager.py:737} INFO - Searching for files in /opt/airflow/dags
[2025-05-07T07:53:33.504+0000] {manager.py:740} INFO - There are 2 files in /opt/airflow/dags
[2025-05-07T07:54:02.777+0000] {manager.py:878} INFO - 
================================================================================
DAG File Processing Stats

File Path                                 PID    Runtime      # DAGs    # Errors  Last Runtime    Last Run
----------------------------------------  -----  ---------  --------  ----------  --------------  -------------------
/opt/airflow/dags/bottleneck_pipeline.py                           1           0  0.10s           2025-05-07T07:53:36
/opt/airflow/dags/test_dependencies.py                             1           0  0.10s           2025-05-07T07:53:36
================================================================================
[2025-05-07T07:54:33.113+0000] {manager.py:878} INFO - 
================================================================================
DAG File Processing Stats

File Path                                 PID    Runtime      # DAGs    # Errors  Last Runtime    Last Run
----------------------------------------  -----  ---------  --------  ----------  --------------  -------------------
/opt/airflow/dags/test_dependencies.py                             1           0  0.18s           2025-05-07T07:54:07
/opt/airflow/dags/bottleneck_pipeline.py                           1           0  0.17s           2025-05-07T07:54:07
================================================================================
