[2025-05-07T07:03:38.602+0000] {local_task_job_runner.py:120} INFO - ::group::Pre task execution logs
[2025-05-07T07:03:38.622+0000] {taskinstance.py:2073} INFO - Dependencies all met for dep_context=non-requeueable deps ti=<TaskInstance: bottleneck_pipeline.upload_logs_final manual__2025-05-05T12:05:52.099826+00:00 [queued]>
[2025-05-07T07:03:38.630+0000] {taskinstance.py:2073} INFO - Dependencies all met for dep_context=requeueable deps ti=<TaskInstance: bottleneck_pipeline.upload_logs_final manual__2025-05-05T12:05:52.099826+00:00 [queued]>
[2025-05-07T07:03:38.631+0000] {taskinstance.py:2303} INFO - Starting attempt 1 of 3
[2025-05-07T07:03:38.640+0000] {taskinstance.py:2327} INFO - Executing <Task(BashOperator): upload_logs_final> on 2025-05-05 12:05:52.099826+00:00
[2025-05-07T07:03:38.645+0000] {standard_task_runner.py:63} INFO - Started process 61 to run task
[2025-05-07T07:03:38.648+0000] {standard_task_runner.py:90} INFO - Running: ['***', 'tasks', 'run', 'bottleneck_pipeline', 'upload_logs_final', 'manual__2025-05-05T12:05:52.099826+00:00', '--job-id', '8', '--raw', '--subdir', 'DAGS_FOLDER/bottleneck_pipeline.py', '--cfg-path', '/tmp/tmph7kxw2kv']
[2025-05-07T07:03:38.651+0000] {standard_task_runner.py:91} INFO - Job 8: Subtask upload_logs_final
[2025-05-07T07:03:38.664+0000] {warnings.py:109} WARNING - /home/***/.local/lib/python3.10/site-packages/***/settings.py:195: DeprecationWarning: The sql_alchemy_conn option in [core] has been moved to the sql_alchemy_conn option in [database] - the old setting has been used, but please update your config.
  SQL_ALCHEMY_CONN = conf.get("database", "SQL_ALCHEMY_CONN")

[2025-05-07T07:03:38.697+0000] {task_command.py:426} INFO - Running <TaskInstance: bottleneck_pipeline.upload_logs_final manual__2025-05-05T12:05:52.099826+00:00 [running]> on host 81855855d86b
[2025-05-07T07:03:38.761+0000] {taskinstance.py:2644} INFO - Exporting env vars: AIRFLOW_CTX_DAG_OWNER='***' AIRFLOW_CTX_DAG_ID='bottleneck_pipeline' AIRFLOW_CTX_TASK_ID='upload_logs_final' AIRFLOW_CTX_EXECUTION_DATE='2025-05-05T12:05:52.099826+00:00' AIRFLOW_CTX_TRY_NUMBER='1' AIRFLOW_CTX_DAG_RUN_ID='manual__2025-05-05T12:05:52.099826+00:00'
[2025-05-07T07:03:38.762+0000] {taskinstance.py:430} INFO - ::endgroup::
[2025-05-07T07:03:38.791+0000] {subprocess.py:63} INFO - Tmp dir root location: /tmp
[2025-05-07T07:03:38.792+0000] {subprocess.py:75} INFO - Running command: ['/usr/bin/bash', '-c', 'python /opt/***/scripts/14_upload_all_logs.py']
[2025-05-07T07:03:38.801+0000] {subprocess.py:86} INFO - Output:
[2025-05-07T07:03:38.855+0000] {subprocess.py:93} INFO - python: can't open file '/opt/***/scripts/14_upload_all_logs.py': [Errno 2] No such file or directory
[2025-05-07T07:03:38.857+0000] {subprocess.py:97} INFO - Command exited with return code 2
[2025-05-07T07:03:38.859+0000] {taskinstance.py:441} INFO - ::group::Post task execution logs
[2025-05-07T07:03:38.868+0000] {taskinstance.py:2890} ERROR - Task failed with exception
Traceback (most recent call last):
  File "/home/airflow/.local/lib/python3.10/site-packages/airflow/models/taskinstance.py", line 465, in _execute_task
    result = _execute_callable(context=context, **execute_callable_kwargs)
  File "/home/airflow/.local/lib/python3.10/site-packages/airflow/models/taskinstance.py", line 432, in _execute_callable
    return execute_callable(context=context, **execute_callable_kwargs)
  File "/home/airflow/.local/lib/python3.10/site-packages/airflow/models/baseoperator.py", line 400, in wrapper
    return func(self, *args, **kwargs)
  File "/home/airflow/.local/lib/python3.10/site-packages/airflow/operators/bash.py", line 243, in execute
    raise AirflowException(
airflow.exceptions.AirflowException: Bash command failed. The command returned a non-zero exit code 2.
[2025-05-07T07:03:38.871+0000] {taskinstance.py:1205} INFO - Marking task as UP_FOR_RETRY. dag_id=bottleneck_pipeline, task_id=upload_logs_final, execution_date=20250505T120552, start_date=20250507T070338, end_date=20250507T070338
[2025-05-07T07:03:38.881+0000] {standard_task_runner.py:110} ERROR - Failed to execute job 8 for task upload_logs_final (Bash command failed. The command returned a non-zero exit code 2.; 61)
[2025-05-07T07:03:38.910+0000] {local_task_job_runner.py:240} INFO - Task exited with return code 1
[2025-05-07T07:03:38.926+0000] {taskinstance.py:3482} INFO - 0 downstream tasks scheduled from follow-on schedule check
[2025-05-07T07:03:38.928+0000] {local_task_job_runner.py:222} INFO - ::endgroup::
